<?xml version="1.0" encoding="UTF-8"?>
<!-- Generated by org.testng.reporters.JUnitReportReporter -->
<testsuite hostname="DESKTOP-JJ0H417" name="test.day1" tests="1" failures="0" timestamp="6 Mar 2018 10:37:24 GMT" time="0.016" errors="0">
  <testcase name="Demo" time="0.016" classname="test.day1"/>
</testsuite> <!-- test.day1 -->
