<?xml version="1.0" encoding="UTF-8"?>
<!-- Generated by org.testng.reporters.JUnitReportReporter -->
<testsuite hostname="DESKTOP-JJ0H417" name="test.day2" tests="1" failures="0" timestamp="6 Mar 2018 10:37:24 GMT" time="0.000" errors="0">
  <testcase name="ploan" time="0.000" classname="test.day2"/>
</testsuite> <!-- test.day2 -->
